Arguments: 
  C:\Program Files\nodejs\node.exe C:\Users\dx3906\AppData\Roaming\npm\node_modules\yarn\bin\yarn.js

PATH: 
  C:\ProgramData\Oracle\Java\javapath;"C:\ProgramData\Oracle\Java\javapath;D:\java\jdk\bin;D:\java\jdk\jre\bin";C:\Windows\system32;C:\Windows;C:\Windows\System32\Wbem;C:\Windows\System32\WindowsPowerShell\v1.0\;C:\Program Files\nodejs\;C:\Program Files\TortoiseSVN\bin;C:\Program Files\Git\cmd;C:\Program Files\TortoiseGit\bin;C:\Windows\system32\config\systemprofile\.dnx\bin;C:\Program Files\Microsoft DNX\Dnvm\;C:\Program Files\Microsoft SQL Server\120\Tools\Binn\;C:\Program Files\Microsoft SQL Server\130\Tools\Binn\;"C:\ProgramData\Oracle\Java\javapath;D:\java\jdk\bin;D:\java\jdk\jre\bin";C:\Users\dx3906\AppData\Local\Microsoft\WindowsApps;C:\Users\dx3906\AppData\Roaming\npm;d:\Program Files\Microsoft VS Code\bin;C:\Users\dx3906\AppData\Local\atom\bin;D:\Android\Sdk\tools;D:\Android\Sdk\platform-tools;

Yarn version: 
  1.5.1

Node version: 
  8.9.0

Platform: 
  win32 x64

npm manifest: 
  {
    "name": "webpack4",
    "version": "1.0.0",
    "description": "",
    "main": "index.js",
    "dependencies": {
      "react": "^16.4.1",
      "react-dom": "^16.4.1",
      "react-redux": "^5.0.7",
      "react-router-dom": "^4.3.1",
      "redux": "^4.0.0",
      "redux-devtools-extension": "^2.13.2"
    },
    "devDependencies": {
      "autoprefixer": "^8.6.2",
      "babel-core": "^6.26.3",
      "babel-loader": "^7.1.4",
      "babel-preset-env": "^1.7.0",
      "babel-preset-react": "^6.24.1",
      "babel-preset-stage-2": "^6.24.1",
      "clean-webpack-plugin": "^0.1.19",
      "css-loader": "^0.28.11",
      "file-loader": "^1.1.11",
      "html-webpack-plugin": "^3.2.0",
      "image-webpack-loader": "^4.3.1",
      "node-sass": "^4.9.0",
      "postcss-flexbugs-fixes": "^3.3.1",
      "postcss-loader": "^2.1.5",
      "sass-loader": "^7.0.3",
      "style-loader": "^0.21.0",
      "url-loader": "^1.0.1",
      "webpack": "^4.12.0",
      "webpack-cli": "^3.0.6",
      "webpack-dev-server": "^3.1.4"
    },
    "scripts": {
      "test": "echo \"Error: no test specified\" && exit 1",
      "dev": "webpack-dev-server --config webpack.config.dev.js",
      "start": "npm run dev",
      "build": "webpack --config webpack.config.prod.js"
    },
    "author": "yyt",
    "license": "ISC"
  }

yarn manifest: 
  No manifest

Lockfile: 
  No lockfile

Trace: 
  Error: D:\phpStudy\WWW\yyt\gitSpace\demos\webpack4\node_modules\node-sass: Command failed.
  Exit code: 1
  Command: C:\Windows\system32\cmd.exe
  Arguments: /d /s /c node scripts/build.js
  Directory: D:\phpStudy\WWW\yyt\gitSpace\demos\webpack4\node_modules\node-sass
  Output:
  Building: C:\Program Files\nodejs\node.exe D:\phpStudy\WWW\yyt\gitSpace\demos\webpack4\node_modules\node-gyp\bin\node-gyp.js rebuild --verbose --libsass_ext= --libsass_cflags= --libsass_ldflags= --libsass_library=
  gyp info it worked if it ends with ok
  gyp verb cli [ 'C:\\Program Files\\nodejs\\node.exe',
  gyp verb cli   'D:\\phpStudy\\WWW\\yyt\\gitSpace\\demos\\webpack4\\node_modules\\node-gyp\\bin\\node-gyp.js',
  gyp verb cli   'rebuild',
  gyp verb cli   '--verbose',
  gyp verb cli   '--libsass_ext=',
  gyp verb cli   '--libsass_cflags=',
  gyp verb cli   '--libsass_ldflags=',
  gyp verb cli   '--libsass_library=' ]
  gyp info using node-gyp@3.7.0
  gyp info using node@8.9.0 | win32 | x64
  gyp verb command rebuild []
  gyp verb command clean []
  gyp verb clean removing "build" directory
  gyp verb command configure []
  gyp verb check python checking for Python executable "python2" in the PATH
  gyp verb `which` failed Error: not found: python2
  gyp verb `which` failed     at getNotFoundError (D:\phpStudy\WWW\yyt\gitSpace\demos\webpack4\node_modules\which\which.js:13:12)
  gyp verb `which` failed     at F (D:\phpStudy\WWW\yyt\gitSpace\demos\webpack4\node_modules\which\which.js:68:19)
  gyp verb `which` failed     at E (D:\phpStudy\WWW\yyt\gitSpace\demos\webpack4\node_modules\which\which.js:80:29)
  gyp verb `which` failed     at D:\phpStudy\WWW\yyt\gitSpace\demos\webpack4\node_modules\which\which.js:89:16
  gyp verb `which` failed     at D:\phpStudy\WWW\yyt\gitSpace\demos\webpack4\node_modules\isexe\index.js:42:5
  gyp verb `which` failed     at D:\phpStudy\WWW\yyt\gitSpace\demos\webpack4\node_modules\isexe\windows.js:36:5
  gyp verb `which` failed     at FSReqWrap.oncomplete (fs.js:152:21)
  gyp verb `which` failed  python2 { Error: not found: python2
  gyp verb `which` failed     at getNotFoundError (D:\phpStudy\WWW\yyt\gitSpace\demos\webpack4\node_modules\which\which.js:13:12)
  gyp verb `which` failed     at F (D:\phpStudy\WWW\yyt\gitSpace\demos\webpack4\node_modules\which\which.js:68:19)
  gyp verb `which` failed     at E (D:\phpStudy\WWW\yyt\gitSpace\demos\webpack4\node_modules\which\which.js:80:29)
  gyp verb `which` failed     at D:\phpStudy\WWW\yyt\gitSpace\demos\webpack4\node_modules\which\which.js:89:16
  gyp verb `which` failed     at D:\phpStudy\WWW\yyt\gitSpace\demos\webpack4\node_modules\isexe\index.js:42:5
  gyp verb `which` failed     at D:\phpStudy\WWW\yyt\gitSpace\demos\webpack4\node_modules\isexe\windows.js:36:5
  gyp verb `which` failed     at FSReqWrap.oncomplete (fs.js:152:21)
  gyp verb `which` failed   stack: 'Error: not found: python2\n    at getNotFoundError (D:\\phpStudy\\WWW\\yyt\\gitSpace\\demos\\webpack4\\node_modules\\which\\which.js:13:12)\n    at F (D:\\phpStudy\\WWW\\yyt\\gitSpace\\demos\\webpack4\\node_modules\\which\\which.js:68:19)\n    at E (D:\\phpStudy\\WWW\\yyt\\gitSpace\\demos\\webpack4\\node_modules\\which\\which.js:80:29)\n    at D:\\phpStudy\\WWW\\yyt\\gitSpace\\demos\\webpack4\\node_modules\\which\\which.js:89:16\n    at D:\\phpStudy\\WWW\\yyt\\gitSpace\\demos\\webpack4\\node_modules\\isexe\\index.js:42:5\n    at D:\\phpStudy\\WWW\\yyt\\gitSpace\\demos\\webpack4\\node_modules\\isexe\\windows.js:36:5\n    at FSReqWrap.oncomplete (fs.js:152:21)',
  gyp verb `which` failed   code: 'ENOENT' }
  gyp verb check python checking for Python executable "python" in the PATH
  gyp verb `which` failed Error: not found: python
  gyp verb `which` failed     at getNotFoundError (D:\phpStudy\WWW\yyt\gitSpace\demos\webpack4\node_modules\which\which.js:13:12)
  gyp verb `which` failed     at F (D:\phpStudy\WWW\yyt\gitSpace\demos\webpack4\node_modules\which\which.js:68:19)
  gyp verb `which` failed     at E (D:\phpStudy\WWW\yyt\gitSpace\demos\webpack4\node_modules\which\which.js:80:29)
  gyp verb `which` failed     at D:\phpStudy\WWW\yyt\gitSpace\demos\webpack4\node_modules\which\which.js:89:16
  gyp verb `which` failed     at D:\phpStudy\WWW\yyt\gitSpace\demos\webpack4\node_modules\isexe\index.js:42:5
  gyp verb `which` failed     at D:\phpStudy\WWW\yyt\gitSpace\demos\webpack4\node_modules\isexe\windows.js:36:5
  gyp verb `which` failed     at FSReqWrap.oncomplete (fs.js:152:21)
  gyp verb `which` failed  python { Error: not found: python
  gyp verb `which` failed     at getNotFoundError (D:\phpStudy\WWW\yyt\gitSpace\demos\webpack4\node_modules\which\which.js:13:12)
  gyp verb `which` failed     at F (D:\phpStudy\WWW\yyt\gitSpace\demos\webpack4\node_modules\which\which.js:68:19)
  gyp verb `which` failed     at E (D:\phpStudy\WWW\yyt\gitSpace\demos\webpack4\node_modules\which\which.js:80:29)
  gyp verb `which` failed     at D:\phpStudy\WWW\yyt\gitSpace\demos\webpack4\node_modules\which\which.js:89:16
  gyp verb `which` failed     at D:\phpStudy\WWW\yyt\gitSpace\demos\webpack4\node_modules\isexe\index.js:42:5
  gyp verb `which` failed     at D:\phpStudy\WWW\yyt\gitSpace\demos\webpack4\node_modules\isexe\windows.js:36:5
  gyp verb `which` failed     at FSReqWrap.oncomplete (fs.js:152:21)
  gyp verb `which` failed   stack: 'Error: not found: python\n    at getNotFoundError (D:\\phpStudy\\WWW\\yyt\\gitSpace\\demos\\webpack4\\node_modules\\which\\which.js:13:12)\n    at F (D:\\phpStudy\\WWW\\yyt\\gitSpace\\demos\\webpack4\\node_modules\\which\\which.js:68:19)\n    at E (D:\\phpStudy\\WWW\\yyt\\gitSpace\\demos\\webpack4\\node_modules\\which\\which.js:80:29)\n    at D:\\phpStudy\\WWW\\yyt\\gitSpace\\demos\\webpack4\\node_modules\\which\\which.js:89:16\n    at D:\\phpStudy\\WWW\\yyt\\gitSpace\\demos\\webpack4\\node_modules\\isexe\\index.js:42:5\n    at D:\\phpStudy\\WWW\\yyt\\gitSpace\\demos\\webpack4\\node_modules\\isexe\\windows.js:36:5\n    at FSReqWrap.oncomplete (fs.js:152:21)',
  gyp verb `which` failed   code: 'ENOENT' }
  gyp verb could not find "python". checking python launcher 
  gyp verb could not find "python". guessing location 
  gyp verb ensuring that file exists: C:\Python27\python.exe
  gyp verb check python version `C:\Python27\python.exe -c "import platform; print(platform.python_version());"` returned: "2.7.14\r\n"
  gyp verb get node dir no --target version specified, falling back to host node version: 8.9.0
  gyp verb command install [ '8.9.0' ]
  gyp verb install input version string "8.9.0"
  gyp verb install installing version: 8.9.0
  gyp verb install --ensure was passed, so won't reinstall if already installed
  gyp verb install version is already installed, need to check "installVersion"
  gyp verb got "installVersion" 9
  gyp verb needs "installVersion" 9
  gyp verb install version is good
  gyp verb get node dir target node version installed: 8.9.0
  gyp verb build dir attempting to create "build" dir: D:\phpStudy\WWW\yyt\gitSpace\demos\webpack4\node_modules\node-sass\build
  gyp verb build dir "build" dir needed to be created? D:\phpStudy\WWW\yyt\gitSpace\demos\webpack4\node_modules\node-sass\build
  gyp verb Not using VS2017: Could not use PowerShell to find VS2017
  gyp verb build/config.gypi creating config file
  gyp verb build/config.gypi writing out config file: D:\phpStudy\WWW\yyt\gitSpace\demos\webpack4\node_modules\node-sass\build\config.gypi
  gyp verb config.gypi checking for gypi file: D:\phpStudy\WWW\yyt\gitSpace\demos\webpack4\node_modules\node-sass\config.gypi
  gyp verb common.gypi checking for gypi file: D:\phpStudy\WWW\yyt\gitSpace\demos\webpack4\node_modules\node-sass\common.gypi
  gyp verb gyp gyp format was not specified; forcing "msvs"
  gyp info spawn C:\Python27\python.exe
  gyp info spawn args [ 'D:\\phpStudy\\WWW\\yyt\\gitSpace\\demos\\webpack4\\node_modules\\node-gyp\\gyp\\gyp_main.py',
  gyp info spawn args   'binding.gyp',
  gyp info spawn args   '-f',
  gyp info spawn args   'msvs',
  gyp info spawn args   '-G',
  gyp info spawn args   'msvs_version=auto',
  gyp info spawn args   '-I',
  gyp info spawn args   'D:\\phpStudy\\WWW\\yyt\\gitSpace\\demos\\webpack4\\node_modules\\node-sass\\build\\config.gypi',
  gyp info spawn args   '-I',
  gyp info spawn args   'D:\\phpStudy\\WWW\\yyt\\gitSpace\\demos\\webpack4\\node_modules\\node-gyp\\addon.gypi',
  gyp info spawn args   '-I',
  gyp info spawn args   'C:\\Users\\dx3906\\.node-gyp\\8.9.0\\include\\node\\common.gypi',
  gyp info spawn args   '-Dlibrary=shared_library',
  gyp info spawn args   '-Dvisibility=default',
  gyp info spawn args   '-Dnode_root_dir=C:\\Users\\dx3906\\.node-gyp\\8.9.0',
  gyp info spawn args   '-Dnode_gyp_dir=D:\\phpStudy\\WWW\\yyt\\gitSpace\\demos\\webpack4\\node_modules\\node-gyp',
  gyp info spawn args   '-Dnode_lib_file=C:\\Users\\dx3906\\.node-gyp\\8.9.0\\<(target_arch)\\node.lib',
  gyp info spawn args   '-Dmodule_root_dir=D:\\phpStudy\\WWW\\yyt\\gitSpace\\demos\\webpack4\\node_modules\\node-sass',
  gyp info spawn args   '-Dnode_engine=v8',
  gyp info spawn args   '--depth=.',
  gyp info spawn args   '--no-parallel',
  gyp info spawn args   '--generator-output',
  gyp info spawn args   'D:\\phpStudy\\WWW\\yyt\\gitSpace\\demos\\webpack4\\node_modules\\node-sass\\build',
  gyp info spawn args   '-Goutput_dir=.' ]
  gyp verb command build []
  gyp verb build type Release
  gyp verb architecture x64
  gyp verb node dev dir C:\Users\dx3906\.node-gyp\8.9.0
  gyp verb found first Solution file build/binding.sln
  gyp verb could not find "msbuild.exe" in PATH - finding location in registry 
  gyp info spawn C:\Program Files (x86)\MSBuild\14.0\bin\msbuild.exe
  gyp info spawn args [ 'build/binding.sln',
  gyp info spawn args   '/nologo',
  gyp info spawn args   '/p:Configuration=Release;Platform=x64' ]
  �ڴ˽��������һ������һ����Ŀ����Ҫ���ò������ɣ�����ӡ�/m�����ء�
  ������ʱ��Ϊ 2018/6/16 7:58:03��
  �ڵ� 1 �ϵ���Ŀ��D:\phpStudy\WWW\yyt\gitSpace\demos\webpack4\node_modules\node-sass\build\binding.sln��(Ĭ��Ŀ��)��
  ValidateSolutionConfiguration:
    �������ɽ���������á�Release|x64����
  ��Ŀ��D:\phpStudy\WWW\yyt\gitSpace\demos\webpack4\node_modules\node-sass\build\binding.sln��(1)���ڽڵ� 1 �����ɡ�D:\phpStudy\WWW\yyt\gitSpace\demos\webpack4\node_modules\node-sass\build\binding.vcxproj.metaproj��(2) (Ĭ��Ŀ��)��
  ��Ŀ��D:\phpStudy\WWW\yyt\gitSpace\demos\webpack4\node_modules\node-sass\build\binding.vcxproj.metaproj��(2)���ڽڵ� 1 �����ɡ�D:\phpStudy\WWW\yyt\gitSpace\demos\webpack4\node_modules\node-sass\build\src\libsass.vcxproj��(3) (Ĭ��Ŀ��)��
  C:\Program Files (x86)\MSBuild\Microsoft.Cpp\v4.0\V140\Platforms\x64\PlatformToolsets\v140\Toolset.targets(36,5): error MSB8036: The Windows SDK version 8.1 was not found. Install the required version of Windows SDK or change the SDK version in the project property pages or by right-clicking the solution and selecting "Retarget solution". [D:\phpStudy\WWW\yyt\gitSpace\demos\webpack4\node_modules\node-sass\build\src\libsass.vcxproj]
  �����������Ŀ��D:\phpStudy\WWW\yyt\gitSpace\demos\webpack4\node_modules\node-sass\build\src\libsass.vcxproj��(Ĭ��Ŀ��)�Ĳ��� - ʧ�ܡ�
  �����������Ŀ��D:\phpStudy\WWW\yyt\gitSpace\demos\webpack4\node_modules\node-sass\build\binding.vcxproj.metaproj��(Ĭ��Ŀ��)�Ĳ��� - ʧ�ܡ�
  �����������Ŀ��D:\phpStudy\WWW\yyt\gitSpace\demos\webpack4\node_modules\node-sass\build\binding.sln��(Ĭ��Ŀ��)�Ĳ��� - ʧ�ܡ�
  
  ����ʧ�ܡ�
  
  ��D:\phpStudy\WWW\yyt\gitSpace\demos\webpack4\node_modules\node-sass\build\binding.sln��(Ĭ��Ŀ��) (1) ->
  ��D:\phpStudy\WWW\yyt\gitSpace\demos\webpack4\node_modules\node-sass\build\binding.vcxproj.metaproj��(Ĭ��Ŀ��) (2) ->
  ��D:\phpStudy\WWW\yyt\gitSpace\demos\webpack4\node_modules\node-sass\build\src\libsass.vcxproj��(Ĭ��Ŀ��) (3) ->
  (Desktop_PlatformPrepareForBuild Ŀ��) -> 
    C:\Program Files (x86)\MSBuild\Microsoft.Cpp\v4.0\V140\Platforms\x64\PlatformToolsets\v140\Toolset.targets(36,5): error MSB8036: The Windows SDK version 8.1 was not found. Install the required version of Windows SDK or change the SDK version in the project property pages or by right-clicking the solution and selecting "Retarget solution". [D:\phpStudy\WWW\yyt\gitSpace\demos\webpack4\node_modules\node-sass\build\src\libsass.vcxproj]
  
      0 ������
      1 ������
  
  ����ʱ�� 00:00:01.81
  gyp ERR! build error 
  gyp ERR! stack Error: `C:\Program Files (x86)\MSBuild\14.0\bin\msbuild.exe` failed with exit code: 1
  gyp ERR! stack     at ChildProcess.onExit (D:\phpStudy\WWW\yyt\gitSpace\demos\webpack4\node_modules\node-gyp\lib\build.js:262:23)
  gyp ERR! stack     at emitTwo (events.js:126:13)
  gyp ERR! stack     at ChildProcess.emit (events.js:214:7)
  gyp ERR! stack     at Process.ChildProcess._handle.onexit (internal/child_process.js:198:12)
  gyp ERR! System Windows_NT 10.0.16299
  gyp ERR! command "C:\\Program Files\\nodejs\\node.exe" "D:\\phpStudy\\WWW\\yyt\\gitSpace\\demos\\webpack4\\node_modules\\node-gyp\\bin\\node-gyp.js" "rebuild" "--verbose" "--libsass_ext=" "--libsass_cflags=" "--libsass_ldflags=" "--libsass_library="
  gyp ERR! cwd D:\phpStudy\WWW\yyt\gitSpace\demos\webpack4\node_modules\node-sass
  gyp ERR! node -v v8.9.0
  gyp ERR! node-gyp -v v3.7.0
  gyp ERR! not ok 
  Build failed with error code: 1
      at ProcessTermError.MessageError (C:\Users\dx3906\AppData\Roaming\npm\node_modules\yarn\lib\cli.js:186:110)
      at new ProcessTermError (C:\Users\dx3906\AppData\Roaming\npm\node_modules\yarn\lib\cli.js:226:113)
      at ChildProcess.<anonymous> (C:\Users\dx3906\AppData\Roaming\npm\node_modules\yarn\lib\cli.js:30281:17)
      at emitTwo (events.js:126:13)
      at ChildProcess.emit (events.js:214:7)
      at maybeClose (internal/child_process.js:925:16)
      at Process.ChildProcess._handle.onexit (internal/child_process.js:209:5)
